<?xml version="1.0" encoding="UTF-8"?>
<testsuite xmlns:xsi="http://www.w3.org/2001/XMLSchema-instance" xsi:noNamespaceSchemaLocation="https://maven.apache.org/surefire/maven-surefire-plugin/xsd/surefire-test-report.xsd" name="org.example.model.InvoiceTest" time="0.045" tests="8" errors="0" skipped="0" failures="0">
  <properties>
[...]
</properties>
  <testcase name="setAmount" classname="org.example.model.InvoiceTest" time="0.021"/>
  <testcase name="getId" classname="org.example.model.InvoiceTest" time="0.001"/>
  <testcase name="setId" classname="org.example.model.InvoiceTest" time="0.002"/>
  <testcase name="getAmount" classname="org.example.model.InvoiceTest" time="0"/>
  <testcase name="setPdfUrl" classname="org.example.model.InvoiceTest" time="0.001"/>
  <testcase name="setUserId" classname="org.example.model.InvoiceTest" time="0.001"/>
  <testcase name="getPdfUrl" classname="org.example.model.InvoiceTest" time="0"/>
  <testcase name="getUserId" classname="org.example.model.InvoiceTest" time="0.003"/>
</testsuite>